<?xml version="1.0" encoding="UTF-8"?>
<!-- Generated by org.testng.reporters.JUnitReportReporter -->
<testsuite hostname="DESKTOP-U7TQIQO" name="com.Facebook.testCases.Addingpost" tests="1" failures="0" timestamp="30 Mar 2020 11:07:09 GMT" time="26.323" errors="0">
  <testcase name="postingOnFaceebook" time="26.323" classname="com.Facebook.testCases.Addingpost"/>
</testsuite>
